<?xml version="1.0" encoding="UTF-8"?>
<!-- Generated by org.testng.reporters.JUnitXMLReporter -->
<testsuite ignored="0" hostname="DESKTOP-HMBR4KM" failures="3" tests="6" name="Test" time="173.763" errors="0" timestamp="2019-09-13T11:23:32 IST">
  <testcase classname="com.testCases.TC_AddCustTest_003" name="addNewCustomer" time="48.677"/>
  <testcase classname="com.testCases.TC_LoginTest_001" name="loginTest" time="11.822"/>
  <testcase classname="com.testCases.TC_LoginDDT_002" name="LoginDDT" time="16.681"/>
  <testcase classname="com.testCases.TC_LoginDDT_002" name="LoginDDT" time="8.24">
    <failure type="java.lang.AssertionError" message="did not expect to find [true] but found [false]">
      <![CDATA[java.lang.AssertionError: did not expect to find [true] but found [false]
at com.testCases.TC_LoginDDT_002.LoginDDT(TC_LoginDDT_002.java:33)
at java.base/java.util.ArrayList.forEach(ArrayList.java:1378)
... Removed 31 stack frames]]>
    </failure>
  </testcase> <!-- LoginDDT -->
  <testcase classname="com.testCases.TC_LoginDDT_002" name="LoginDDT" time="7.242">
    <failure type="java.lang.AssertionError" message="did not expect to find [true] but found [false]">
      <![CDATA[java.lang.AssertionError: did not expect to find [true] but found [false]
at com.testCases.TC_LoginDDT_002.LoginDDT(TC_LoginDDT_002.java:33)
at java.base/java.util.ArrayList.forEach(ArrayList.java:1378)
... Removed 31 stack frames]]>
    </failure>
  </testcase> <!-- LoginDDT -->
  <testcase classname="com.testCases.TC_LoginDDT_002" name="LoginDDT" time="8.146">
    <failure type="java.lang.AssertionError" message="did not expect to find [true] but found [false]">
      <![CDATA[java.lang.AssertionError: did not expect to find [true] but found [false]
at com.testCases.TC_LoginDDT_002.LoginDDT(TC_LoginDDT_002.java:33)
at java.base/java.util.ArrayList.forEach(ArrayList.java:1378)
... Removed 31 stack frames]]>
    </failure>
  </testcase> <!-- LoginDDT -->
</testsuite> <!-- Test -->
